[    0.000000] Linux version 4.15.0-140-generic (buildd@lgw01-amd64-054) (gcc version 7.5.0 (Ubuntu 7.5.0-3ubuntu1~18.04)) #144-Ubuntu SMP Fri Mar 19 14:12:35 UTC 2021 (Ubuntu 4.15.0-140.144-generic 4.15.18)
[    0.000000] Command line: BOOT_IMAGE=/boot/vmlinuz-4.15.0-140-generic root=LABEL=cloudimg-rootfs ro console=tty1 console=ttyS0
[    0.000000] KERNEL supported cpus:
[    0.000000]   Intel GenuineIntel
[    0.000000]   AMD AuthenticAMD
[    0.000000]   Centaur CentaurHauls
[    0.000000] [Firmware Bug]: TSC doesn't count with P0 frequency!
[    0.000000] x86/fpu: x87 FPU will use FXSAVE
[    0.000000] e820: BIOS-provided physical RAM map:
[    0.000000] BIOS-e820: [mem 0x0000000000000000-0x000000000009fbff] usable
[    0.000000] BIOS-e820: [mem 0x000000000009fc00-0x000000000009ffff] reserved
[    0.000000] BIOS-e820: [mem 0x00000000000f0000-0x00000000000fffff] reserved
[    0.000000] BIOS-e820: [mem 0x0000000000100000-0x000000003ffeffff] usable
[    0.000000] BIOS-e820: [mem 0x000000003fff0000-0x000000003fffffff] ACPI data
[    0.000000] BIOS-e820: [mem 0x00000000fec00000-0x00000000fec00fff] reserved
[    0.000000] BIOS-e820: [mem 0x00000000fee00000-0x00000000fee00fff] reserved
[    0.000000] BIOS-e820: [mem 0x00000000fffc0000-0x00000000ffffffff] reserved
[    0.000000] NX (Execute Disable) protection: active
[    0.000000] SMBIOS 2.5 present.
[    0.000000] DMI: innotek GmbH VirtualBox/VirtualBox, BIOS VirtualBox 12/01/2006
[    0.000000] Hypervisor detected: KVM
[    0.000000] e820: last_pfn = 0x3fff0 max_arch_pfn = 0x400000000
[    0.000000] MTRR: Disabled
[    0.000000] x86/PAT: MTRRs disabled, skipping PAT initialization too.
[    0.000000] CPU MTRRs all blank - virtualized system.
[    0.000000] x86/PAT: Configuration [0-7]: WB  WT  UC- UC  WB  WT  UC- UC  
[    0.000000] found SMP MP-table at [mem 0x0009fff0-0x0009ffff]
[    0.000000] Scanning 1 areas for low memory corruption
[    0.000000] RAMDISK: [mem 0x35a63000-0x36d28fff]
[    0.000000] ACPI: Early table checksum verification disabled
[    0.000000] ACPI: RSDP 0x00000000000E0000 000024 (v02 VBOX  )
[    0.000000] ACPI: XSDT 0x000000003FFF0030 00003C (v01 VBOX   VBOXXSDT 00000001 ASL  00000061)
[    0.000000] ACPI: FACP 0x000000003FFF00F0 0000F4 (v04 VBOX   VBOXFACP 00000001 ASL  00000061)
[    0.000000] ACPI: DSDT 0x000000003FFF0470 002325 (v02 VBOX   VBOXBIOS 00000002 INTL 20100528)
[    0.000000] ACPI: FACS 0x000000003FFF0200 000040
[    0.000000] ACPI: FACS 0x000000003FFF0200 000040
[    0.000000] ACPI: APIC 0x000000003FFF0240 00005C (v02 VBOX   VBOXAPIC 00000001 ASL  00000061)
[    0.000000] ACPI: SSDT 0x000000003FFF02A0 0001CC (v01 VBOX   VBOXCPUT 00000002 INTL 20100528)
[    0.000000] No NUMA configuration found
[    0.000000] Faking a node at [mem 0x0000000000000000-0x000000003ffeffff]
[    0.000000] NODE_DATA(0) allocated [mem 0x3ffc5000-0x3ffeffff]
[    0.000000] kvm-clock: cpu 0, msr 0:3ff44001, primary cpu clock
[    0.000000] kvm-clock: Using msrs 4b564d01 and 4b564d00
[    0.000000] kvm-clock: using sched offset of 5582340466 cycles
[    0.000000] clocksource: kvm-clock: mask: 0xffffffffffffffff max_cycles: 0x1cd42e4dffb, max_idle_ns: 881590591483 ns
[    0.000000] Zone ranges:
[    0.000000]   DMA      [mem 0x0000000000001000-0x0000000000ffffff]
[    0.000000]   DMA32    [mem 0x0000000001000000-0x000000003ffeffff]
[    0.000000]   Normal   empty
[    0.000000]   Device   empty
[    0.000000] Movable zone start for each node
[    0.000000] Early memory node ranges
[    0.000000]   node   0: [mem 0x0000000000001000-0x000000000009efff]
[    0.000000]   node   0: [mem 0x0000000000100000-0x000000003ffeffff]
[    0.000000] Reserved but unavailable: 98 pages
[    0.000000] Initmem setup node 0 [mem 0x0000000000001000-0x000000003ffeffff]
[    0.000000] ACPI: PM-Timer IO Port: 0x4008
[    0.000000] IOAPIC[0]: apic_id 2, version 32, address 0xfec00000, GSI 0-23
[    0.000000] ACPI: INT_SRC_OVR (bus 0 bus_irq 0 global_irq 2 dfl dfl)
[    0.000000] ACPI: INT_SRC_OVR (bus 0 bus_irq 9 global_irq 9 low level)
[    0.000000] Using ACPI (MADT) for SMP configuration information
[    0.000000] smpboot: Allowing 2 CPUs, 0 hotplug CPUs
[    0.000000] PM: Registered nosave memory: [mem 0x00000000-0x00000fff]
[    0.000000] PM: Registered nosave memory: [mem 0x0009f000-0x0009ffff]
[    0.000000] PM: Registered nosave memory: [mem 0x000a0000-0x000effff]
[    0.000000] PM: Registered nosave memory: [mem 0x000f0000-0x000fffff]
[    0.000000] e820: [mem 0x40000000-0xfebfffff] available for PCI devices
[    0.000000] Booting paravirtualized kernel on KVM
[    0.000000] clocksource: refined-jiffies: mask: 0xffffffff max_cycles: 0xffffffff, max_idle_ns: 7645519600211568 ns
[    0.000000] random: get_random_bytes called from start_kernel+0x99/0x500 with crng_init=0
[    0.000000] setup_percpu: NR_CPUS:8192 nr_cpumask_bits:2 nr_cpu_ids:2 nr_node_ids:1
[    0.000000] percpu: Embedded 45 pages/cpu s147456 r8192 d28672 u1048576
[    0.000000] PV qspinlock hash table entries: 256 (order: 0, 4096 bytes)
[    0.000000] Built 1 zonelists, mobility grouping on.  Total pages: 257913
[    0.000000] Policy zone: DMA32
[    0.000000] Kernel command line: BOOT_IMAGE=/boot/vmlinuz-4.15.0-140-generic root=LABEL=cloudimg-rootfs ro console=tty1 console=ttyS0
[    0.000000] Memory: 983020K/1048120K available (12300K kernel code, 2483K rwdata, 4276K rodata, 2440K init, 2724K bss, 65100K reserved, 0K cma-reserved)
[    0.000000] SLUB: HWalign=64, Order=0-3, MinObjects=0, CPUs=2, Nodes=1
[    0.000000] ftrace: allocating 39429 entries in 155 pages
[    0.004000] Hierarchical RCU implementation.
[    0.004000] 	RCU restricting CPUs from NR_CPUS=8192 to nr_cpu_ids=2.
[    0.004000] 	Tasks RCU enabled.
[    0.004000] RCU: Adjusting geometry for rcu_fanout_leaf=16, nr_cpu_ids=2
[    0.004000] NR_IRQS: 524544, nr_irqs: 440, preallocated irqs: 16
[    0.004000] Console: colour VGA+ 80x25
[    0.004000] console [tty1] enabled
[    0.004000] console [ttyS0] enabled
[    0.004000] ACPI: Core revision 20170831
[    0.004000] ACPI: 2 ACPI AML tables successfully acquired and loaded
[    0.004000] APIC: Switch to symmetric I/O mode setup
[    0.004000] ..TIMER: vector=0x30 apic1=0 pin1=2 apic2=-1 pin2=-1
[    0.004000] tsc: Detected 3593.250 MHz processor
[    0.004000] Calibrating delay loop (skipped) preset value.. 7186.50 BogoMIPS (lpj=14373000)
[    0.004000] pid_max: default: 32768 minimum: 301
[    0.004000] Security Framework initialized
[    0.004006] Yama: becoming mindful.
[    0.006094] AppArmor: AppArmor initialized
[    0.016654] Dentry cache hash table entries: 131072 (order: 8, 1048576 bytes)
[    0.021952] Inode-cache hash table entries: 65536 (order: 7, 524288 bytes)
[    0.024069] Mount-cache hash table entries: 2048 (order: 2, 16384 bytes)
[    0.028064] Mountpoint-cache hash table entries: 2048 (order: 2, 16384 bytes)
[    0.032860] Last level iTLB entries: 4KB 1024, 2MB 1024, 4MB 512
[    0.036002] Last level dTLB entries: 4KB 2048, 2MB 2048, 4MB 1024, 1GB 0
[    0.040003] Spectre V1 : Mitigation: usercopy/swapgs barriers and __user pointer sanitization
[    0.044003] Spectre V2 : Spectre mitigation: LFENCE not serializing, switching to generic retpoline
[    0.048002] Spectre V2 : Mitigation: Full generic retpoline
[    0.052002] Spectre V2 : Spectre v2 / SpectreRSB mitigation: Filling RSB on context switch
[    0.056003] Speculative Store Bypass: Mitigation: Speculative Store Bypass disabled via prctl and seccomp
[    0.064144] Freeing SMP alternatives memory: 36K
[    0.192052] APIC calibration not consistent with PM-Timer: 108ms instead of 100ms
[    0.196000] APIC delta adjusted to PM-Timer: 6425087 (6946215)
[    0.196307] smpboot: CPU0: AMD Ryzen 5 3600 6-Core Processor (family: 0x17, model: 0x71, stepping: 0x0)
[    0.200431] Performance Events: PMU not available due to virtualization, using software events only.
[    0.204119] Hierarchical SRCU implementation.
[    0.208735] NMI watchdog: Perf event create on CPU 0 failed with -2
[    0.212002] NMI watchdog: Perf NMI watchdog permanently disabled
[    0.215674] smp: Bringing up secondary CPUs ...
[    0.220732] x86: Booting SMP configuration:
[    0.223270] .... node  #0, CPUs:      #1
[    0.004000] kvm-clock: cpu 1, msr 0:3ff44041, secondary cpu clock
[    0.230019] TSC synchronization [CPU#0 -> CPU#1]:
[    0.232000] Measured 70486 cycles TSC warp between CPUs, turning off TSC clock.
[    0.232000] tsc: Marking TSC unstable due to check_tsc_sync_source failed
[    0.232079] smp: Brought up 1 node, 2 CPUs
[    0.236006] smpboot: Max logical packages: 1
[    0.238594] smpboot: Total of 2 processors activated (14373.00 BogoMIPS)
[    0.240526] devtmpfs: initialized
[    0.248014] x86/mm: Memory block size: 128MB
[    0.250793] evm: security.selinux
[    0.252002] evm: security.SMACK64
[    0.256002] evm: security.SMACK64EXEC
[    0.258094] evm: security.SMACK64TRANSMUTE
[    0.260002] evm: security.SMACK64MMAP
[    0.264002] evm: security.apparmor
[    0.268002] evm: security.ima
[    0.269762] evm: security.capability
[    0.272305] clocksource: jiffies: mask: 0xffffffff max_cycles: 0xffffffff, max_idle_ns: 7645041785100000 ns
[    0.280008] futex hash table entries: 512 (order: 3, 32768 bytes)
[    0.284244] pinctrl core: initialized pinctrl subsystem
[    0.288223] RTC time: 21:24:52, date: 04/03/21
[    0.292803] NET: Registered protocol family 16
[    0.295298] audit: initializing netlink subsys (disabled)
[    0.300004] audit: type=2000 audit(1617485098.888:1): state=initialized audit_enabled=0 res=1
[    0.304174] cpuidle: using governor ladder
[    0.308227] cpuidle: using governor menu
[    0.312107] ACPI: bus type PCI registered
[    0.314328] acpiphp: ACPI Hot Plug PCI Controller Driver version: 0.5
[    0.316374] PCI: Using configuration type 1 for base access
[    0.320002] PCI: Using configuration type 1 for extended access
[    0.328310] HugeTLB registered 2.00 MiB page size, pre-allocated 0 pages
[    0.336294] ACPI: Added _OSI(Module Device)
[    0.338633] ACPI: Added _OSI(Processor Device)
[    0.340003] ACPI: Added _OSI(3.0 _SCP Extensions)
[    0.344003] ACPI: Added _OSI(Processor Aggregator Device)
[    0.346933] ACPI: Added _OSI(Linux-Dell-Video)
[    0.348003] ACPI: Added _OSI(Linux-Lenovo-NV-HDMI-Audio)
[    0.352003] ACPI: Added _OSI(Linux-HPI-Hybrid-Graphics)
[    0.356080] ACPI: Executed 1 blocks of module-level executable AML code
[    0.363415] ACPI: Interpreter enabled
[    0.364017] ACPI: (supports S0 S5)
[    0.365956] ACPI: Using IOAPIC for interrupt routing
[    0.368302] PCI: Using host bridge windows from ACPI; if necessary, use "pci=nocrs" and report a bug
[    0.376150] ACPI: Enabled 2 GPEs in block 00 to 07
[    0.386605] ACPI: PCI Root Bridge [PCI0] (domain 0000 [bus 00-ff])
[    0.388008] acpi PNP0A03:00: _OSC: OS supports [ExtendedConfig ASPM ClockPM Segments MSI]
[    0.393190] acpi PNP0A03:00: _OSC: platform does not support [PCIeCapability]
[    0.400593] acpi PNP0A03:00: _OSC: not requesting control; platform does not support [PCIeCapability]
[    0.404004] acpi PNP0A03:00: _OSC: OS requested [PCIeHotplug PME AER PCIeCapability]
[    0.408003] acpi PNP0A03:00: _OSC: platform willing to grant [PCIeHotplug PME AER]
[    0.412003] acpi PNP0A03:00: _OSC failed (AE_SUPPORT); disabling ASPM
[    0.416533] PCI host bridge to bus 0000:00
[    0.420004] pci_bus 0000:00: root bus resource [io  0x0000-0x0cf7 window]
[    0.424003] pci_bus 0000:00: root bus resource [io  0x0d00-0xffff window]
[    0.427479] pci_bus 0000:00: root bus resource [mem 0x000a0000-0x000bffff window]
[    0.432003] pci_bus 0000:00: root bus resource [mem 0x40000000-0xfdffffff window]
[    0.436004] pci_bus 0000:00: root bus resource [bus 00-ff]
[    0.443506] pci 0000:00:01.1: legacy IDE quirk: reg 0x10: [io  0x01f0-0x01f7]
[    0.448003] pci 0000:00:01.1: legacy IDE quirk: reg 0x14: [io  0x03f6]
[    0.451368] pci 0000:00:01.1: legacy IDE quirk: reg 0x18: [io  0x0170-0x0177]
[    0.456003] pci 0000:00:01.1: legacy IDE quirk: reg 0x1c: [io  0x0376]
[    0.501441] pci 0000:00:07.0: quirk: [io  0x4000-0x403f] claimed by PIIX4 ACPI
[    0.508020] pci 0000:00:07.0: quirk: [io  0x4100-0x410f] claimed by PIIX4 SMB
[    0.528279] ACPI: PCI Interrupt Link [LNKA] (IRQs 5 9 10 *11)
[    0.532403] ACPI: PCI Interrupt Link [LNKB] (IRQs 5 9 *10 11)
[    0.540145] ACPI: PCI Interrupt Link [LNKC] (IRQs 5 *9 10 11)
[    0.544147] ACPI: PCI Interrupt Link [LNKD] (IRQs 5 9 10 *11)
[    0.552672] SCSI subsystem initialized
[    0.560363] pci 0000:00:02.0: vgaarb: setting as boot VGA device
[    0.563523] pci 0000:00:02.0: vgaarb: VGA device added: decodes=io+mem,owns=io+mem,locks=none
[    0.576005] pci 0000:00:02.0: vgaarb: bridge control possible
[    0.580002] vgaarb: loaded
[    0.584055] ACPI: bus type USB registered
[    0.588037] usbcore: registered new interface driver usbfs
[    0.596013] usbcore: registered new interface driver hub
[    0.600012] usbcore: registered new device driver usb
[    0.608166] EDAC MC: Ver: 3.0.0
[    0.612286] PCI: Using ACPI for IRQ routing
[    0.616650] NetLabel: Initializing
[    0.618487] NetLabel:  domain hash size = 128
[    0.620003] NetLabel:  protocols = UNLABELED CIPSOv4 CALIPSO
[    0.624041] NetLabel:  unlabeled traffic allowed by default
[    0.628367] clocksource: Switched to clocksource kvm-clock
[    0.677304] VFS: Disk quotas dquot_6.6.0
[    0.679533] VFS: Dquot-cache hash table entries: 512 (order 0, 4096 bytes)
[    0.684428] AppArmor: AppArmor Filesystem Enabled
[    0.686973] pnp: PnP ACPI init
[    0.690056] pnp: PnP ACPI: found 3 devices
[    0.723348] clocksource: acpi_pm: mask: 0xffffff max_cycles: 0xffffff, max_idle_ns: 2085701024 ns
[    0.728923] NET: Registered protocol family 2
[    0.731679] TCP established hash table entries: 8192 (order: 4, 65536 bytes)
[    0.736500] TCP bind hash table entries: 8192 (order: 5, 131072 bytes)
[    0.740580] TCP: Hash tables configured (established 8192 bind 8192)
[    0.744568] UDP hash table entries: 512 (order: 2, 16384 bytes)
[    0.747708] UDP-Lite hash table entries: 512 (order: 2, 16384 bytes)
[    0.751909] NET: Registered protocol family 1
[    0.755048] pci 0000:00:00.0: Limiting direct PCI/PCI transfers
[    0.758712] pci 0000:00:01.0: Activating ISA DMA hang workarounds
[    0.762313] pci 0000:00:02.0: Video device with shadowed ROM at [mem 0x000c0000-0x000dffff]
[    0.767172] Unpacking initramfs...
[    1.240229] Freeing initrd memory: 19224K
[    1.245892] clocksource: tsc: mask: 0xffffffffffffffff max_cycles: 0x33cb6addeae, max_idle_ns: 440795225061 ns
[    1.251361] platform rtc_cmos: registered platform RTC device (no PNP device found)
[    1.256232] Scanning for low memory corruption every 60 seconds
[    1.261032] Initialise system trusted keyrings
[    1.263405] Key type blacklist registered
[    1.266566] workingset: timestamp_bits=36 max_order=18 bucket_order=0
[    1.272700] zbud: loaded
[    1.275310] squashfs: version 4.0 (2009/01/31) Phillip Lougher
[    1.279744] fuse init (API version 7.26)
[    1.304889] Key type asymmetric registered
[    1.307004] Asymmetric key parser 'x509' registered
[    1.309741] Block layer SCSI generic (bsg) driver version 0.4 loaded (major 246)
[    1.314581] io scheduler noop registered
[    1.316941] io scheduler deadline registered
[    1.319263] io scheduler cfq registered (default)
[    1.322682] ACPI: AC Adapter [AC] (on-line)
[    1.325098] input: Power Button as /devices/LNXSYSTM:00/LNXPWRBN:00/input/input0
[    1.329177] ACPI: Power Button [PWRF]
[    1.331420] input: Sleep Button as /devices/LNXSYSTM:00/LNXSLPBN:00/input/input1
[    1.336177] ACPI: Sleep Button [SLPF]
[    1.340569] Serial: 8250/16550 driver, 32 ports, IRQ sharing enabled
[    1.368671] 00:02: ttyS0 at I/O 0x3f8 (irq = 4, base_baud = 115200) is a 16550A
[    1.385477] Linux agpgart interface v0.103
[    1.393650] loop: module loaded
[    1.396799] scsi host0: ata_piix
[    1.399604] scsi host1: ata_piix
[    1.402054] ata1: PATA max UDMA/33 cmd 0x1f0 ctl 0x3f6 bmdma 0xd000 irq 14
[    1.405876] ata2: PATA max UDMA/33 cmd 0x170 ctl 0x376 bmdma 0xd008 irq 15
[    1.409829] libphy: Fixed MDIO Bus: probed
[    1.413011] tun: Universal TUN/TAP device driver, 1.6
[    1.416051] PPP generic driver version 2.4.2
[    1.418588] ehci_hcd: USB 2.0 'Enhanced' Host Controller (EHCI) Driver
[    1.422307] ehci-pci: EHCI PCI platform driver
[    1.424963] ehci-platform: EHCI generic platform driver
[    1.427766] ohci_hcd: USB 1.1 'Open' Host Controller (OHCI) Driver
[    1.431885] ohci-pci: OHCI PCI platform driver
[    1.435108] ohci-platform: OHCI generic platform driver
[    1.438353] uhci_hcd: USB Universal Host Controller Interface driver
[    1.441974] i8042: PNP: PS/2 Controller [PNP0303:PS2K,PNP0f03:PS2M] at 0x60,0x64 irq 1,12
[    1.448747] serio: i8042 KBD port at 0x60,0x64 irq 1
[    1.451493] serio: i8042 AUX port at 0x60,0x64 irq 12
[    1.455204] mousedev: PS/2 mouse device common for all mice
[    1.460282] input: AT Translated Set 2 keyboard as /devices/platform/i8042/serio0/input/input2
[    1.460729] rtc_cmos rtc_cmos: rtc core: registered rtc_cmos as rtc0
[    1.469093] rtc_cmos rtc_cmos: alarms up to one day, 114 bytes nvram
[    1.472246] i2c /dev entries driver
[    1.474565] device-mapper: uevent: version 1.0.3
[    1.477089] device-mapper: ioctl: 4.37.0-ioctl (2017-09-20) initialised: dm-devel@redhat.com
[    1.482001] ledtrig-cpu: registered to indicate activity on CPUs
[    1.486253] NET: Registered protocol family 10
[    1.494337] Segment Routing with IPv6
[    1.496221] NET: Registered protocol family 17
[    1.499511] Key type dns_resolver registered
[    1.502888] mce: Using 0 MCE banks
[    1.505130] RAS: Correctable Errors collector initialized.
[    1.508102] sched_clock: Marking stable (1505046960, 0)->(1917813208, -412766248)
[    1.515809] registered taskstats version 1
[    1.519042] Loading compiled-in X.509 certificates
[    1.525544] Loaded X.509 cert 'Build time autogenerated kernel key: f44537957b99d83206ce3e6a27744bf062e80295'
[    1.531058] zswap: loaded using pool lzo/zbud
[    1.540979] Key type big_key registered
[    1.543117] Key type trusted registered
[    1.548461] Key type encrypted registered
[    1.550743] AppArmor: AppArmor sha1 policy hashing enabled
[    1.553968] ima: No TPM chip found, activating TPM-bypass! (rc=-19)
[    1.557577] ima: Allocated hash algorithm: sha1
[    1.560351] evm: HMAC attrs: 0x1
[    1.562637]   Magic number: 1:814:448
[    1.564871] acpi APP0001:00: hash matches
[    1.567282] rtc_cmos rtc_cmos: setting system clock to 2021-04-03 21:24:53 UTC (1617485093)
[    1.572692] BIOS EDD facility v0.16 2004-Jun-25, 0 devices found
[    1.575719] EDD information not available.
[    1.622369] Freeing unused kernel image memory: 2440K
[    1.636657] Write protecting the kernel read-only data: 20480k
[    1.640651] Freeing unused kernel image memory: 2008K
[    1.643601] Freeing unused kernel image memory: 1868K
[    1.652150] x86/mm: Checked W+X mappings: passed, no W+X pages found.
Loading, please wait...
starting version 237
[    1.718262] e1000: Intel(R) PRO/1000 Network Driver - version 7.3.21-k8-NAPI
[    1.722297] e1000: Copyright (c) 1999-2006 Intel Corporation.
[    1.726456] Fusion MPT base driver 3.04.20
[    1.728790] Copyright (c) 1999-2008 LSI Corporation
[    1.748307] Fusion MPT SPI Host driver 3.04.20
[    1.989278] input: ImExPS/2 Generic Explorer Mouse as /devices/platform/i8042/serio1/input/input4
[    2.324250] e1000 0000:00:03.0 eth0: (PCI:33MHz:32-bit) 02:05:85:8a:28:11
[    2.328736] e1000 0000:00:03.0 eth0: Intel(R) PRO/1000 Network Connection
[    3.330876] e1000 0000:00:08.0 eth1: (PCI:33MHz:32-bit) 08:00:27:ef:09:8d
[    3.334720] e1000 0000:00:08.0 eth1: Intel(R) PRO/1000 Network Connection
[    3.340494] mptbase: ioc0: Initiating bringup
[    3.343795] e1000 0000:00:08.0 enp0s8: renamed from eth1
[    3.365100] e1000 0000:00:03.0 enp0s3: renamed from eth0
[    3.440777] ioc0: LSI53C1030 A0: Capabilities={Initiator}
[    4.018619] scsi host2: ioc0: LSI53C1030 A0, FwRev=00000000h, Ports=1, MaxQ=256, IRQ=20
[    4.189656] scsi 2:0:0:0: Direct-Access     VBOX     HARDDISK         1.0  PQ: 0 ANSI: 5
[    4.224489] scsi target2:0:0: Beginning Domain Validation
[    4.235116] scsi target2:0:0: Domain Validation skipping write tests
[    4.239628] scsi target2:0:0: Ending Domain Validation
[    4.242969] scsi target2:0:0: asynchronous
[    4.246678] scsi 2:0:1:0: Direct-Access     VBOX     HARDDISK         1.0  PQ: 0 ANSI: 5
[    5.063494] scsi target2:0:1: Beginning Domain Validation
[    5.070014] random: fast init done
[    5.080379] scsi target2:0:1: Domain Validation skipping write tests
[    5.083757] scsi target2:0:1: Ending Domain Validation
[    5.087198] scsi target2:0:1: asynchronous
[    5.099480] sd 2:0:0:0: Attached scsi generic sg0 type 0
[    5.099493] random: systemd-udevd: uninitialized urandom read (16 bytes read)
[    5.102781] sd 2:0:1:0: Attached scsi generic sg1 type 0
[    5.107196] sd 2:0:1:0: [sdb] 20480 512-byte logical blocks: (10.5 MB/10.0 MiB)
[    5.113944] random: systemd-udevd: uninitialized urandom read (16 bytes read)
[    5.118991] random: systemd-udevd: uninitialized urandom read (16 bytes read)
[    5.123856] sd 2:0:0:0: [sda] 83886080 512-byte logical blocks: (42.9 GB/40.0 GiB)
[    5.124161] sd 2:0:1:0: [sdb] Write Protect is off
[    5.132621] sd 2:0:0:0: [sda] Write Protect is off
[    5.132985] sd 2:0:1:0: [sdb] Incomplete mode parameter data
[    5.137989] sd 2:0:1:0: [sdb] Assuming drive cache: write through
[    5.142531] sd 2:0:0:0: [sda] Incomplete mode parameter data
[    5.146233] sd 2:0:0:0: [sda] Assuming drive cache: write through
[    5.155488]  sda: sda1
[    5.158131] sd 2:0:1:0: [sdb] Attached SCSI disk
[    5.161879] sd 2:0:0:0: [sda] Attached SCSI disk
Begin: Loading essential drivers ... [    7.020466] raid6: sse2x1   gen() 24416 MB/s
[    9.030022] raid6: sse2x1   xor() 192072 MB/s
[   11.025115] raid6: sse2x2   gen() 390320 MB/s
[   12.026809] raid6: sse2x2   xor() 258490 MB/s
[   12.090295] raid6: sse2x4   gen() 17443 MB/s
[   12.144068] raid6: sse2x4   xor()  9471 MB/s
[   12.146358] raid6: using algorithm sse2x2 gen() 390320 MB/s
[   12.149386] raid6: .... xor() 258490 MB/s, rmw enabled
[   12.152208] raid6: using ssse3x2 recovery algorithm
[   12.156786] xor: measuring software checksum speed
[   12.196733]    prefetch64-sse: 19402.000 MB/sec
[   12.236776]    generic_sse: 19287.000 MB/sec
[   12.239074] xor: using function: prefetch64-sse (19402.000 MB/sec)
[   12.244502] async_tx: api initialized (async)
done.
Begin: Running /scripts/init-premount ... done.
Begin: Mounting root file system ... Begin: Running /scripts/local-top ... done.
Begin: Running /scripts/local-premount ... [   12.293936] Btrfs loaded, crc32c=crc32c-intel
Scanning for Btrfs filesystems
done.
Warning: fsck not present, so skipping root file system
[   12.338982] EXT4-fs (sda1): mounted filesystem with ordered data mode. Opts: (null)
done.
Begin: Running /scripts/local-bottom ... done.
Begin: Running /scripts/init-bottom ... done.
[   12.558711] ip_tables: (C) 2000-2006 Netfilter Core Team
[   12.578224] systemd[1]: systemd 237 running in system mode. (+PAM +AUDIT +SELINUX +IMA +APPARMOR +SMACK +SYSVINIT +UTMP +LIBCRYPTSETUP +GCRYPT +GNUTLS +ACL +XZ +LZ4 +SECCOMP +BLKID +ELFUTILS +KMOD -IDN2 +IDN -PCRE2 default-hierarchy=hybrid)
[   12.590810] systemd[1]: Detected virtualization oracle.
[   12.593666] systemd[1]: Detected architecture x86-64.

Welcome to [1mUbuntu 18.04.5 LTS[0m!

[   12.616739] systemd[1]: Set hostname to <ubuntu>.
[   12.629324] systemd[1]: Initializing machine ID from random generator.
[   12.632986] systemd[1]: Installed transient /etc/machine-id file.
[   12.954370] systemd[1]: Created slice User and Session Slice.
[[0;32m  OK  [0m] Created slice User and Session Slice.
[   12.960625] systemd[1]: Reached target System Time Synchronized.
[[0;32m  OK  [0m] Reached target System Time Synchronized.
[   12.967005] systemd[1]: Set up automount Arbitrary Executable File Formats File System Automount Point.
[[0;32m  OK  [0m] Set up automount Arbitrary Executab…rmats File System Automount Point.
[   12.976518] systemd[1]: Reached target Swap.
[[0;32m  OK  [0m] Reached target Swap.
[[0;32m  OK  [0m] Started Forward Password Requests to Wall Directory Watch.
[[0;32m  OK  [0m] Created slice System Slice.
[[0;32m  OK  [0m] Listening on Device-mapper event daemon FIFOs.
[[0;32m  OK  [0m] Reached target Slices.
[[0;32m  OK  [0m] Created slice system-serial\x2dgetty.slice.
[[0;32m  OK  [0m] Listening on Journal Socket.
         Mounting Huge Pages File System...
[[0;32m  OK  [0m] Listening on fsck to fsckd communication Socket.
[[0;32m  OK  [0m] Listening on /dev/initctl Compatibility Named Pipe.
         Starting Set the console keyboard layout...
[[0;32m  OK  [0m] Listening on LVM2 poll daemon socket.
         Mounting Kernel Debug File System...
[[0;32m  OK  [0m] Listening on Syslog Socket.
[[0;32m  OK  [0m] Listening on Network Service Netlink Socket.
[[0;32m  OK  [0m] Listening on Journal Audit Socket.
         Mounting POSIX Message Queue File System...
[[0;32m  OK  [0m] Listening on udev Control Socket.
         Starting Uncomplicated firewall...
[[0;32m  OK  [0m] Listening on udev Kernel Socket.
         Starting udev Coldplug all Devices...
[[0;32m  OK  [0m] Listening on LVM2 metadata daemon socket.
         Starting Load Kernel Modules...
         Starting Monitoring of LVM2 mirrors…ng dmeventd or progress polling...
[[0;32m  OK  [0m] Listening on Journal Socket (/dev/log).
         Starting Journal Service...
         Starting File System Check on Root Device...
         Starting Create list of required st…ce nodes for the current kernel...
[[0;32m  OK  [0m] Reached target User and Group Name Lookups.
[[0;32m  OK  [0m] Mounted Huge Pages File System.
[[0;32m  OK  [0m] Mounted Kernel Debug File System.
[[0;32m  OK  [0m] Mounted POSIX Message Queue File System.
[[0;32m  OK  [0m] Started Uncomplicated firewall.
[   13.142274] Loading iSCSI transport class v2.0-870.
[[0;32m  OK  [0m] Started LVM2 metadata daemon.
[[0;32m  OK  [0m] Started Set the console keyboard layout.
[[0;32m  OK  [0m] Started Create list of required sta…vice nodes for the current kernel.
[[0;32m  OK  [0m] Started File System Check Daemon to report status.
         Starting Create Static Device Nodes in /dev...
[   13.184805] iscsi: registered transport (tcp)
[[0;32m  OK  [0m] Started udev Coldplug all Devices.
[[0;32m  OK  [0m] Started Journal Service.
[   13.209898] iscsi: registered transport (iser)
[[0;32m  OK  [0m] Started Load Kernel Modules.
         Mounting Kernel Configuration File System...
         Starting Apply Kernel Variables...
         Mounting FUSE Control File System...
[[0;32m  OK  [0m] Mounted Kernel Configuration File System.
[[0;32m  OK  [0m] Mounted FUSE Control File System.
[[0;32m  OK  [0m] Started Create Static Device Nodes in /dev.
[[0;32m  OK  [0m] Started Monitoring of LVM2 mirrors,…sing dmeventd or progress polling.
[[0;32m  OK  [0m] Started File System Check on Root Device.
[[0;32m  OK  [0m] Started Apply Kernel Variables.
         Starting Remount Root and Kernel File Systems...
[[0;32m  OK  [0m] Started Remount Root and Kernel File Systems.
[[0;32m  OK  [0m] Reached target Local File Systems (Pre).
[[0;32m  OK  [0m] Reached target Local File Systems.
         Starting Commit a transient machine-id on disk...
         Starting ebtables ruleset management...
         Starting AppArmor initialization...
         Starting Tell Plymouth To Write Out Runtime Data...
         Starting Set console font and keymap...
         Starting Load/Save Random Seed...
         Starting Flush Journal to Persistent Storage...
         Starting udev Kernel Device Manager...
[[0;32m  OK  [0m] Started Tell Plymouth To Write Out Runtime Data.
[[0;32m  OK  [0m] Started Set console font and keymap.
[[0;32m  OK  [0m] Started Load/Save Random Seed.
[[0;32m  OK  [0m] Started Commit a transient machine-id on disk.
[[0;32m  OK  [0m] Started udev Kernel Device Manager.
[[0;32m  OK  [0m] Started Flush Journal to Persistent Storage.
         Starting Create Volatile Files and Directories...
[[0;32m  OK  [0m] Started Dispatch Password Requests to Console Directory Watch.
[[0;32m  OK  [0m] Reached target Local Encrypted Volumes.
[[0;32m  OK  [0m] Started ebtables ruleset management.
[[0;32m  OK  [0m] Started Create Volatile Files and Directories.
         Starting Update UTMP about System Boot/Shutdown...
[[0;32m  OK  [0m] Started Update UTMP about System Boot/Shutdown.
[[0;32m  OK  [0m] Found device /dev/ttyS0.
[[0;32m  OK  [0m] Listening on Load/Save RF Kill Switch Status /dev/rfkill Watch.
[[0;32m  OK  [0m] Started AppArmor initialization.
         Starting Initial cloud-init job (pre-networking)...
         Starting Load AppArmor profiles managed internally by snapd...
[[0;32m  OK  [0m] Started Load AppArmor profiles managed internally by snapd.
[   15.554097] cloud-init[550]: Cloud-init v. 20.4.1-0ubuntu1~18.04.1 running 'init-local' at Sat, 03 Apr 2021 21:25:07 +0000. Up 15.24 seconds.
[[0;32m  OK  [0m] Started Initial cloud-init job (pre-networking).
[[0;32m  OK  [0m] Reached target Network (Pre).
         Starting Network Service...
[[0;32m  OK  [0m] Started Network Service.
         Starting Network Name Resolution...
         Starting Wait for Network to be Configured...
[[0;32m  OK  [0m] Started Network Name Resolution.
[[0;32m  OK  [0m] Reached target Network.
[[0;32m  OK  [0m] Reached target Host and Network Name Lookups.
[[0;32m  OK  [0m] Started Wait for Network to be Configured.
         Starting Initial cloud-init job (metadata service crawler)...
[   17.285144] cloud-init[705]: Cloud-init v. 20.4.1-0ubuntu1~18.04.1 running 'init' at Sat, 03 Apr 2021 21:25:09 +0000. Up 17.17 seconds.
[   17.289064] cloud-init[705]: ci-info: ++++++++++++++++++++++++++++++++++++++Net device info++++++++++++++++++++++++++++++++++++++
[   17.292483] cloud-init[705]: ci-info: +--------+-------+---------------------------+---------------+--------+-------------------+
[   17.295667] cloud-init[705]: ci-info: | Device |   Up  |          Address          |      Mask     | Scope  |     Hw-Address    |
[   17.298890] cloud-init[705]: ci-info: +--------+-------+---------------------------+---------------+--------+-------------------+
[   17.302263] cloud-init[705]: ci-info: | enp0s3 |  True |         10.0.2.15         | 255.255.255.0 | global | 02:05:85:8a:28:11 |
[   17.305310] cloud-init[705]: ci-info: | enp0s3 |  True | fe80::5:85ff:fe8a:2811/64 |       .       |  link  | 02:05:85:8a:28:11 |
[   17.308419] cloud-init[705]: ci-info: | enp0s8 | False |             .             |       .       |   .    | 08:00:27:ef:09:8d |
[   17.311521] cloud-init[705]: ci-info: |   lo   |  True |         127.0.0.1         |   255.0.0.0   |  host  |         .         |
[   17.314657] cloud-init[705]: ci-info: |   lo   |  True |          ::1/128          |       .       |  host  |         .         |
[   17.317906] cloud-init[705]: ci-info: +--------+-------+---------------------------+---------------+--------+-------------------+
[   17.321108] cloud-init[705]: ci-info: ++++++++++++++++++++++++++++Route IPv4 info+++++++++++++++++++++++++++++
[   17.323758] cloud-init[705]: ci-info: +-------+-------------+----------+-----------------+-----------+-------+
[   17.326377] cloud-init[705]: ci-info: | Route | Destination | Gateway  |     Genmask     | Interface | Flags |
[   17.329042] cloud-init[705]: ci-info: +-------+-------------+----------+-----------------+-----------+-------+
[   17.331614] cloud-init[705]: ci-info: |   0   |   0.0.0.0   | 10.0.2.2 |     0.0.0.0     |   enp0s3  |   UG  |
[   17.334391] cloud-init[705]: ci-info: |   1   |   10.0.2.0  | 0.0.0.0  |  255.255.255.0  |   enp0s3  |   U   |
[   17.336993] cloud-init[705]: ci-info: |   2   |   10.0.2.2  | 0.0.0.0  | 255.255.255.255 |   enp0s3  |   UH  |
[   17.339565] cloud-init[705]: ci-info: +-------+-------------+----------+-----------------+-----------+-------+
[   17.342237] cloud-init[705]: ci-info: +++++++++++++++++++Route IPv6 info+++++++++++++++++++
[   17.344579] cloud-init[705]: ci-info: +-------+-------------+---------+-----------+-------+
[   17.346753] cloud-init[705]: ci-info: | Route | Destination | Gateway | Interface | Flags |
[   17.349221] cloud-init[705]: ci-info: +-------+-------------+---------+-----------+-------+
[   17.351489] cloud-init[705]: ci-info: |   1   |  fe80::/64  |    ::   |   enp0s3  |   U   |
[   17.353682] cloud-init[705]: ci-info: |   3   |    local    |    ::   |   enp0s3  |   U   |
[   17.355932] cloud-init[705]: ci-info: |   4   |   ff00::/8  |    ::   |   enp0s3  |   U   |
[   17.358101] cloud-init[705]: ci-info: +-------+-------------+---------+-----------+-------+
[   18.150872] cloud-init[705]: Generating public/private rsa key pair.
[   18.152852] cloud-init[705]: Your identification has been saved in /etc/ssh/ssh_host_rsa_key.
[   18.155213] cloud-init[705]: Your public key has been saved in /etc/ssh/ssh_host_rsa_key.pub.
[   18.157563] cloud-init[705]: The key fingerprint is:
[   18.159252] cloud-init[705]: SHA256:V8WqoZmT+N2hhK8syw4erizp3DYr2AE46LLuqaiqgpU root@ubuntu-bionic
[   18.161733] cloud-init[705]: The key's randomart image is:
[   18.163210] cloud-init[705]: +---[RSA 2048]----+
[   18.164501] cloud-init[705]: |             ..  |
[   18.165930] cloud-init[705]: |             ..  |
[   18.167189] cloud-init[705]: |o           ..   |
[   18.168666] cloud-init[705]: |=         ...    |
[   18.169963] cloud-init[705]: |.o .   .S*.o     |
[   18.171338] cloud-init[705]: |..E   . B.o .    |
[   18.172635] cloud-init[705]: |+= .o  . = o .   |
[   18.174045] cloud-init[705]: |Xo+= +... + .    |
[   18.175388] cloud-init[705]: |/B=+=.+oo.       |
[   18.176769] cloud-init[705]: +----[SHA256]-----+
[   18.178022] cloud-init[705]: Generating public/private dsa key pair.
[   18.179711] cloud-init[705]: Your identification has been saved in /etc/ssh/ssh_host_dsa_key.
[   18.182031] cloud-init[705]: Your public key has been saved in /etc/ssh/ssh_host_dsa_key.pub.
[   18.184348] cloud-init[705]: The key fingerprint is:
[   18.185746] cloud-init[705]: SHA256:kp1YkP5n4BS6M3rN96rP87Zhx+NFaTMqnYvybXIOloY root@ubuntu-bionic
[   18.188178] cloud-init[705]: The key's randomart image is:
[   18.190124] cloud-init[705]: +---[DSA 1024]----+
[   18.191524] cloud-init[705]: |      ..         |
[   18.192957] cloud-init[705]: |      ...        |
[   18.194295] cloud-init[705]: |     . ...       |
[   18.195662] cloud-init[705]: |      o=o.      .|
[   18.197061] cloud-init[705]: |      +=S.     =.|
[   18.198590] cloud-init[705]: |      +.o + o.+.o|
[   18.199916] cloud-init[705]: |     . = E *o++ .|
[   18.201239] cloud-init[705]: |    . . oo=o**.o |
[   18.202499] cloud-init[705]: |     .  .+*OO=.  |
[   18.203794] cloud-init[705]: +----[SHA256]-----+
[   18.205185] cloud-init[705]: Generating public/private ecdsa key pair.
[   18.206953] cloud-init[705]: Your identification has been saved in /etc/ssh/ssh_host_ecdsa_key.
[   18.209324] cloud-init[705]: Your public key has been saved in /etc/ssh/ssh_host_ecdsa_key.pub.
[   18.211611] cloud-init[705]: The key fingerprint is:
[   18.213016] cloud-init[705]: SHA256:cJVDsJPkGVV80QPGqa57FR5LrYHKDGbFit9WmMQCnGc root@ubuntu-bionic
[   18.215556] cloud-init[705]: The key's randomart image is:
[   18.217156] cloud-init[705]: +---[ECDSA 256]---+
[   18.218472] cloud-init[705]: |    ..o *+++oo+o |
[   18.219857] cloud-init[705]: |     o E @o oo...|
[   18.221523] cloud-init[705]: |      = % o.o.. .|
[   18.222900] cloud-init[705]: |     . B + + = . |
[   18.224364] cloud-init[705]: |      + S + o *  |
[   18.225729] cloud-init[705]: |       . * . =   |
[   18.227098] cloud-init[705]: |        . . .    |
[   18.228509] cloud-init[705]: |         . .     |
[   18.229977] cloud-init[705]: |         .o      |
[   18.231372] cloud-init[705]: +----[SHA256]-----+
[   18.232928] cloud-init[705]: Generating public/private ed25519 key pair.
[   18.234831] cloud-init[705]: Your identification has been saved in /etc/ssh/ssh_host_ed25519_key.
[   18.237225] cloud-init[705]: Your public key has been saved in /etc/ssh/ssh_host_ed25519_key.pub.
[   18.239603] cloud-init[705]: The key fingerprint is:
[   18.241072] cloud-init[705]: SHA256:QEvBlwEWmnduNJ6HgoHzaRhgul9Vq64Up/92NUU92JU root@ubuntu-bionic
[   18.243469] cloud-init[705]: The key's randomart image is:
[   18.245096] cloud-init[705]: +--[ED25519 256]--+
[   18.246592] cloud-init[705]: |..   .B+oo    o.+|
[   18.247975] cloud-init[705]: |o. . *.oo.   ..E.|
[   18.249444] cloud-init[705]: |. + + =.=    .  .|
[   18.250827] cloud-init[705]: | . = * B +    .  |
[   18.252375] cloud-init[705]: |. . B + S .  .   |
[   18.253675] cloud-init[705]: | . o = o .  o    |
[   18.255004] cloud-init[705]: |  . o .    . .   |
[   18.256385] cloud-init[705]: |   . o  . .      |
[   18.257696] cloud-init[705]: |    . .o..       |
[   18.259046] cloud-init[705]: +----[SHA256]-----+
[[0;32m  OK  [0m] Started Initial cloud-init job (metadata service crawler).
[[0;32m  OK  [0m] Reached target System Initialization.
[[0;32m  OK  [0m] Started ACPI Events Check.
[[0;32m  OK  [0m] Started Discard unused blocks once a week.
[[0;32m  OK  [0m] Listening on ACPID Listen Socket.
[[0;32m  OK  [0m] Listening on UUID daemon activation socket.
[[0;32m  OK  [0m] Reached target Paths.
[[0;32m  OK  [0m] Started Daily Cleanup of Temporary Directories.
         Starting Socket activation for snappy daemon.
[[0;32m  OK  [0m] Listening on Open-iSCSI iscsid Socket.
[[0;32m  OK  [0m] Started Daily apt download activities.
[[0;32m  OK  [0m] Started Message of the Day.
[[0;32m  OK  [0m] Started Daily apt upgrade and clean activities.
[[0;32m  OK  [0m] Reached target Timers.
[[0;32m  OK  [0m] Listening on D-Bus System Message Bus Socket.
         Starting LXD - unix socket.
[[0;32m  OK  [0m] Reached target Cloud-config availability.
[[0;32m  OK  [0m] Reached target Network is Online.
[[0;32m  OK  [0m] Reached target Remote File Systems (Pre).
[[0;32m  OK  [0m] Reached target Remote File Systems.
         Starting Availability of block devices...
[[0;32m  OK  [0m] Listening on Socket activation for snappy daemon.
[[0;32m  OK  [0m] Listening on LXD - unix socket.
[[0;32m  OK  [0m] Started Availability of block devices.
[[0;32m  OK  [0m] Reached target Sockets.
[[0;32m  OK  [0m] Reached target Basic System.
         Starting Virtualbox guest utils...
[[0;32m  OK  [0m] Started Regular background program processing daemon.
         Starting Dispatcher daemon for systemd-networkd...
         Starting LXD - container startup/shutdown...
         Starting Login Service...
[[0;32m  OK  [0m] Started Deferred execution scheduler.
         Starting Permit User Sessions...
         Starting LSB: Record successful boot for GRUB...
[[0;32m  OK  [0m] Started FUSE filesystem for LXC.
         Starting LSB: automatic crash report generation...
[[0;32m  OK  [0m] Started D-Bus System Message Bus.
[[0;32m  OK  [0m] Started Login Service.
[[0;32m  OK  [0m] Started Unattended Upgrades Shutdown.
[[0;32m  OK  [0m] Started irqbalance daemon.
         Starting Accounts Service...
         Starting System Logging Service...
         Starting Pollinate to seed the pseudo random number generator...
         Starting Snap Daemon...
[[0;32m  OK  [0m] Started System Logging Service.
[[0;32m  OK  [0m] Started Permit User Sessions.
         Starting Terminate Plymouth Boot Screen...
         Starting Hold until boot process finishes up...
[[0;32m  OK  [0m] Started Hold until boot process finishes up.
         Starting Set console scheme...
[[0;32m  OK  [0m] Started Serial Getty on ttyS0.
[[0;32m  OK  [0m] Started Terminate Plymouth Boot Screen.
[[0;32m  OK  [0m] Started Set console scheme.
[[0;32m  OK  [0m] Created slice system-getty.slice.
[[0;32m  OK  [0m] Started Getty on tty1.
[[0;32m  OK  [0m] Reached target Login Prompts.
[[0;32m  OK  [0m] Started LSB: automatic crash report generation.
[[0;32m  OK  [0m] Started Dispatcher daemon for systemd-networkd.
[[0;32m  OK  [0m] Started LSB: Record successful boot for GRUB.
         Starting Authorization Manager...
[[0;32m  OK  [0m] Started Virtualbox guest utils.
[[0;32m  OK  [0m] Started Authorization Manager.
[[0;32m  OK  [0m] Started Accounts Service.
[[0;32m  OK  [0m] Started LXD - container startup/shutdown.
[[0;32m  OK  [0m] Started Snap Daemon.
         Starting Wait until snapd is fully seeded...
[[0;32m  OK  [0m] Started Pollinate to seed the pseudo random number generator.
         Starting OpenBSD Secure Shell server...
[[0;32m  OK  [0m] Started OpenBSD Secure Shell server.
[   24.705883] cloud-init[1252]: Cloud-init v. 20.4.1-0ubuntu1~18.04.1 running 'modules:config' at Sat, 03 Apr 2021 21:25:16 +0000. Up 24.18 seconds.

Ubuntu 18.04.5 LTS ubuntu-bionic ttyS0

ubuntu-bionic login: ci-info: no authorized SSH keys fingerprints found for user ubuntu.
<14>Apr  3 21:25:17 ec2: 
<14>Apr  3 21:25:17 ec2: #############################################################
<14>Apr  3 21:25:17 ec2: -----BEGIN SSH HOST KEY FINGERPRINTS-----
<14>Apr  3 21:25:17 ec2: 1024 SHA256:kp1YkP5n4BS6M3rN96rP87Zhx+NFaTMqnYvybXIOloY root@ubuntu-bionic (DSA)
<14>Apr  3 21:25:17 ec2: 256 SHA256:cJVDsJPkGVV80QPGqa57FR5LrYHKDGbFit9WmMQCnGc root@ubuntu-bionic (ECDSA)
<14>Apr  3 21:25:17 ec2: 256 SHA256:QEvBlwEWmnduNJ6HgoHzaRhgul9Vq64Up/92NUU92JU root@ubuntu-bionic (ED25519)
<14>Apr  3 21:25:17 ec2: 2048 SHA256:V8WqoZmT+N2hhK8syw4erizp3DYr2AE46LLuqaiqgpU root@ubuntu-bionic (RSA)
<14>Apr  3 21:25:17 ec2: -----END SSH HOST KEY FINGERPRINTS-----
<14>Apr  3 21:25:17 ec2: #############################################################
-----BEGIN SSH HOST KEY KEYS-----
ecdsa-sha2-nistp256 AAAAE2VjZHNhLXNoYTItbmlzdHAyNTYAAAAIbmlzdHAyNTYAAABBBK8kyw1lYWn02T6Ka1+kLTJO/inJe1IMPfEwhoy85o4gggbWvNF3OAFAS0vlBITz3uHtzE4owZrRxLeDVzNh9cE= root@ubuntu-bionic
ssh-ed25519 AAAAC3NzaC1lZDI1NTE5AAAAIOZ5H0qqxfsodYdN9U0QrzBym3l5qiAM8L/xzAFU49Y6 root@ubuntu-bionic
ssh-rsa AAAAB3NzaC1yc2EAAAADAQABAAABAQDiqrpcj6yff0pl+qcs6fG9SyMpXIwUEQ17WAcyanThbGjlmWDjKc58jgHqBoFzNvjyngSTAIfGIyAfUKL1IWlmbHqt/R+dCk1hVOZ8EUt/72JmJPcdGUm4K6CwPG7SgIra7Twz0Zirqx3CKaz63FgDCfOCXmOgR5KvqM1xlIWdH4RcqQMa+VUkYyQTFAJJY9T0mqE2HWrzZlZWvS7KwSorC/hiIwDmUnA8XI4BT9zAz/b2DKBblANA5kUIW/XhH8ygGwD6Lp40Nnus1xssNGBoAV0pgTNWo4CQrpgZJsTCatbhXiGjM8/eH8osUayLspglgGKMd0B0RwHFKhZQwwUv root@ubuntu-bionic
-----END SSH HOST KEY KEYS-----
[   25.180544] cloud-init[1373]: Cloud-init v. 20.4.1-0ubuntu1~18.04.1 running 'modules:final' at Sat, 03 Apr 2021 21:25:16 +0000. Up 25.04 seconds.
[   25.180865] cloud-init[1373]: ci-info: no authorized SSH keys fingerprints found for user ubuntu.
[   25.181182] cloud-init[1373]: Cloud-init v. 20.4.1-0ubuntu1~18.04.1 finished at Sat, 03 Apr 2021 21:25:17 +0000. Datasource DataSourceNoCloud [seed=/dev/sdb][dsmode=net].  Up 25.17 seconds
                                                                                                                                                                                                                                                                                                                                                                                                                                                                                                                                                                                                                                                                                                                                                          [  538.644428] INFO: rcu_sched self-detected stall on CPU
[  538.646389] INFO: rcu_sched detected stalls on CPUs/tasks:
[  538.648243] 	0-...!: (1 ticks this GP) idle=c92/1/0 softirq=21681/21681 fqs=0 
[  538.656048] 	 (t=40211 jiffies g=3478 c=3477 q=86)
[  538.656112] 	0-...!: (1 ticks this GP) idle=c92/1/0 softirq=21681/21681 fqs=0 
[  538.659781] rcu_sched kthread starved for 40211 jiffies! g3478 c3477 f0x0 RCU_GP_WAIT_FQS(3) ->state=0x402 ->cpu=1
[  538.664071] 	(detected by 1, t=40211 jiffies, g=3478, c=3477, q=86)
[  538.675374] rcu_sched kthread starved for 40211 jiffies! g3478 c3477 f0x0 RCU_GP_WAIT_FQS(3) ->state=0x0 ->cpu=1
